Mono path[0] = 'C:/Adrian/Projects/mgu/projekt/dualists/Builds/Dualists_Data/Managed'
Mono config path = 'C:/Adrian/Projects/mgu/projekt/dualists/Builds/MonoBleedingEdge/etc'
[Physics::Module] Initialized MultithreadedJobDispatcher with 11 workers.
Unity memory allocator detected: MetaXRAudio native memory allocations will be tracked.
Initialize engine version: 2022.3.28f1 (6bae5ce6b222)
[Subsystems] Discovering subsystems at path C:/Adrian/Projects/mgu/projekt/dualists/Builds/Dualists_Data/UnitySubsystems
[Subsystems] No descriptors matched for  examples in UnitySubsystems/UnityOpenXR/UnitySubsystemsManifest.json.
[Subsystems] 1 'inputs' descriptors matched in UnitySubsystems/UnityOpenXR/UnitySubsystemsManifest.json
[Subsystems] 1 'displays' descriptors matched in UnitySubsystems/UnityOpenXR/UnitySubsystemsManifest.json
[Subsystems] No descriptors matched for  meshings in UnitySubsystems/UnityOpenXR/UnitySubsystemsManifest.json.
Forcing GfxDevice: Null
GfxDevice: creating device client; threaded=0; jobified=0
NullGfxDevice:
    Version:  NULL 1.0 [1.0]
    Renderer: Null Device
    Vendor:   Unity Technologies
Begin MonoManager ReloadAssembly
- Loaded All Assemblies, in  0.239 seconds
- Finished resetting the current domain, in  0.004 seconds
ERROR: Shader Hidden/Universal Render Pipeline/ObjectMotionVectors shader is not supported on this GPU (none of subshaders/fallbacks are suitable)
ERROR: Shader Hidden/Universal Render Pipeline/LutBuilderLdr shader is not supported on this GPU (none of subshaders/fallbacks are suitable)
ERROR: Shader Hidden/Universal Render Pipeline/CameraMotionBlur shader is not supported on this GPU (none of subshaders/fallbacks are suitable)
ERROR: Shader Hidden/Universal Render Pipeline/Blit shader is not supported on this GPU (none of subshaders/fallbacks are suitable)
ERROR: Shader Hidden/Universal Render Pipeline/TemporalAA shader is not supported on this GPU (none of subshaders/fallbacks are suitable)
ERROR: Shader Hidden/Universal Render Pipeline/Scaling Setup shader is not supported on this GPU (none of subshaders/fallbacks are suitable)
ERROR: Shader Hidden/Universal Render Pipeline/Edge Adaptive Spatial Upsampling shader is not supported on this GPU (none of subshaders/fallbacks are suitable)
WARNING: Shader Unsupported: 'Hidden/Universal Render Pipeline/FallbackError' - All subshaders removed
WARNING: Shader Did you use #pragma only_renderers and omit this platform?
WARNING: Shader If subshaders removal was intentional, you may have forgotten turning Fallback off?
ERROR: Shader Hidden/Universal Render Pipeline/FallbackError shader is not supported on this GPU (none of subshaders/fallbacks are suitable)
WARNING: Shader Unsupported: 'Hidden/Universal Render Pipeline/FallbackError' - All subshaders removed
WARNING: Shader Did you use #pragma only_renderers and omit this platform?
WARNING: Shader If subshaders removal was intentional, you may have forgotten turning Fallback off?
WARNING: Shader Unsupported: 'Hidden/Universal Render Pipeline/StencilDeferred' - All subshaders removed
WARNING: Shader Did you use #pragma only_renderers and omit this platform?
WARNING: Shader If subshaders removal was intentional, you may have forgotten turning Fallback off?
ERROR: Shader Hidden/Universal Render Pipeline/StencilDeferred shader is not supported on this GPU (none of subshaders/fallbacks are suitable)
WARNING: Shader Unsupported: 'Hidden/Universal Render Pipeline/StencilDeferred' - All subshaders removed
WARNING: Shader Did you use #pragma only_renderers and omit this platform?
WARNING: Shader If subshaders removal was intentional, you may have forgotten turning Fallback off?
ERROR: Shader Hidden/Universal Render Pipeline/GaussianDepthOfField shader is not supported on this GPU (none of subshaders/fallbacks are suitable)
ERROR: Shader Hidden/Universal Render Pipeline/Debug/DebugReplacement shader is not supported on this GPU (none of subshaders/fallbacks are suitable)
ERROR: Shader Hidden/Universal Render Pipeline/LutBuilderHdr shader is not supported on this GPU (none of subshaders/fallbacks are suitable)
ERROR: Shader Hidden/Universal Render Pipeline/Sampling shader is not supported on this GPU (none of subshaders/fallbacks are suitable)
ERROR: Shader Hidden/Universal Render Pipeline/LensFlareDataDriven shader is not supported on this GPU (none of subshaders/fallbacks are suitable)
ERROR: Shader Hidden/Universal Render Pipeline/CameraMotionVectors shader is not supported on this GPU (none of subshaders/fallbacks are suitable)
ERROR: Shader Hidden/Universal Render Pipeline/UberPost shader is not supported on this GPU (none of subshaders/fallbacks are suitable)
ERROR: Shader Hidden/Universal Render Pipeline/Bloom shader is not supported on this GPU (none of subshaders/fallbacks are suitable)
ERROR: Shader Hidden/Universal Render Pipeline/BokehDepthOfField shader is not supported on this GPU (none of subshaders/fallbacks are suitable)
ERROR: Shader Hidden/Universal Render Pipeline/FinalPost shader is not supported on this GPU (none of subshaders/fallbacks are suitable)
ERROR: Shader Hidden/Universal Render Pipeline/CopyDepth shader is not supported on this GPU (none of subshaders/fallbacks are suitable)
ERROR: Shader Hidden/Universal Render Pipeline/SubpixelMorphologicalAntialiasing shader is not supported on this GPU (none of subshaders/fallbacks are suitable)
ERROR: Shader Hidden/Universal Render Pipeline/Stop NaN shader is not supported on this GPU (none of subshaders/fallbacks are suitable)
ERROR: Shader Hidden/Universal/HDRDebugView shader is not supported on this GPU (none of subshaders/fallbacks are suitable)
ERROR: Shader Hidden/Universal Render Pipeline/PaniniProjection shader is not supported on this GPU (none of subshaders/fallbacks are suitable)
ERROR: Shader Sprites/Default shader is not supported on this GPU (none of subshaders/fallbacks are suitable)
Microsoft Media Foundation video decoding to texture disabled: graphics device is Null, only Direct3D 11 and Direct3D 12 (only on desktop) are supported for hardware-accelerated video decoding.
ERROR: Shader Sprites/Mask shader is not supported on this GPU (none of subshaders/fallbacks are suitable)
ERROR: Shader Interaction/OculusHand shader is not supported on this GPU (none of subshaders/fallbacks are suitable)
WARNING: Shader Unsupported: 'Shader Graphs/Shield' - All subshaders removed
WARNING: Shader Did you use #pragma only_renderers and omit this platform?
WARNING: Shader If subshaders removal was intentional, you may have forgotten turning Fallback off?
ERROR: Shader Shader Graphs/Shield shader is not supported on this GPU (none of subshaders/fallbacks are suitable)
WARNING: Shader Unsupported: 'Shader Graphs/Shield' - All subshaders removed
WARNING: Shader Did you use #pragma only_renderers and omit this platform?
WARNING: Shader If subshaders removal was intentional, you may have forgotten turning Fallback off?
ERROR: Shader Skybox/6 Sided shader is not supported on this GPU (none of subshaders/fallbacks are suitable)
ERROR: Shader Unlit/TransparentTexture shader is not supported on this GPU (none of subshaders/fallbacks are suitable)
WARNING: Shader Unsupported: 'Universal Render Pipeline/Lit' - All subshaders removed
WARNING: Shader Did you use #pragma only_renderers and omit this platform?
WARNING: Shader If subshaders removal was intentional, you may have forgotten turning Fallback off?
ERROR: Shader Universal Render Pipeline/Lit shader is not supported on this GPU (none of subshaders/fallbacks are suitable)
WARNING: Shader Unsupported: 'Universal Render Pipeline/Lit' - All subshaders removed
WARNING: Shader Did you use #pragma only_renderers and omit this platform?
WARNING: Shader If subshaders removal was intentional, you may have forgotten turning Fallback off?
ERROR: Shader Meta/Lit shader is not supported on this GPU (none of subshaders/fallbacks are suitable)
ERROR: Shader Oculus Sample/Alpha Hand Outline (SBB) shader is not supported on this GPU (none of subshaders/fallbacks are suitable)
WARNING: Shader Unsupported: 'Universal Render Pipeline/Particles/Unlit' - All subshaders removed
WARNING: Shader Did you use #pragma only_renderers and omit this platform?
WARNING: Shader If subshaders removal was intentional, you may have forgotten turning Fallback off?
ERROR: Shader Universal Render Pipeline/Particles/Unlit shader is not supported on this GPU (none of subshaders/fallbacks are suitable)
WARNING: Shader Unsupported: 'Universal Render Pipeline/Particles/Unlit' - All subshaders removed
WARNING: Shader Did you use #pragma only_renderers and omit this platform?
WARNING: Shader If subshaders removal was intentional, you may have forgotten turning Fallback off?
There is no texture data available to upload.
UnloadTime: 0.775400 ms
Applying Acoustic Propagation Settings: [acoustic model = Automatic], [diffraction = True], 
Fallback handler could not load library C:/Adrian/Projects/mgu/projekt/dualists/Builds/Dualists_Data/MonoBleedingEdge/MetaXRAudioWwise
Fallback handler could not load library C:/Adrian/Projects/mgu/projekt/dualists/Builds/Dualists_Data/MonoBleedingEdge/MetaXRAudioWwise.dll
Fallback handler could not load library C:/Adrian/Projects/mgu/projekt/dualists/Builds/Dualists_Data/MonoBleedingEdge/MetaXRAudioWwise.dll
Fallback handler could not load library C:/Adrian/Projects/mgu/projekt/dualists/Builds/Dualists_Data/MonoBleedingEdge/MetaXRAudioWwise
Fallback handler could not load library C:/Adrian/Projects/mgu/projekt/dualists/Builds/Dualists_Data/MonoBleedingEdge/libMetaXRAudioWwise
Fallback handler could not load library C:/Adrian/Projects/mgu/projekt/dualists/Builds/Dualists_Data/MonoBleedingEdge/libMetaXRAudioWwise.dll
Fallback handler could not load library C:/Adrian/Projects/mgu/projekt/dualists/Builds/Dualists_Data/MonoBleedingEdge/libMetaXRAudioWwise.dll
Fallback handler could not load library C:/Adrian/Projects/mgu/projekt/dualists/Builds/Dualists_Data/MonoBleedingEdge/libMetaXRAudioWwise
Fallback handler could not load library C:/Adrian/Projects/mgu/projekt/dualists/Builds/Dualists_Data/MonoBleedingEdge/MetaXRAudioWwise
Fallback handler could not load library C:/Adrian/Projects/mgu/projekt/dualists/Builds/Dualists_Data/MonoBleedingEdge/MetaXRAudioWwise.dll
Fallback handler could not load library C:/Adrian/Projects/mgu/projekt/dualists/Builds/Dualists_Data/MonoBleedingEdge/MetaXRAudioWwise.dll
Fallback handler could not load library C:/Adrian/Projects/mgu/projekt/dualists/Builds/Dualists_Data/MonoBleedingEdge/MetaXRAudioWwise
Fallback handler could not load library C:/Adrian/Projects/mgu/projekt/dualists/Builds/Dualists_Data/MonoBleedingEdge/libMetaXRAudioWwise
Fallback handler could not load library C:/Adrian/Projects/mgu/projekt/dualists/Builds/Dualists_Data/MonoBleedingEdge/libMetaXRAudioWwise.dll
Fallback handler could not load library C:/Adrian/Projects/mgu/projekt/dualists/Builds/Dualists_Data/MonoBleedingEdge/libMetaXRAudioWwise.dll
Fallback handler could not load library C:/Adrian/Projects/mgu/projekt/dualists/Builds/Dualists_Data/MonoBleedingEdge/libMetaXRAudioWwise
Fallback handler could not load library C:/Adrian/Projects/mgu/projekt/dualists/Builds/Dualists_Data/MonoBleedingEdge/MetaXRAudioFMOD
Fallback handler could not load library C:/Adrian/Projects/mgu/projekt/dualists/Builds/Dualists_Data/MonoBleedingEdge/MetaXRAudioFMOD.dll
Fallback handler could not load library C:/Adrian/Projects/mgu/projekt/dualists/Builds/Dualists_Data/MonoBleedingEdge/MetaXRAudioFMOD.dll
Fallback handler could not load library C:/Adrian/Projects/mgu/projekt/dualists/Builds/Dualists_Data/MonoBleedingEdge/MetaXRAudioFMOD
Fallback handler could not load library C:/Adrian/Projects/mgu/projekt/dualists/Builds/Dualists_Data/MonoBleedingEdge/libMetaXRAudioFMOD
Fallback handler could not load library C:/Adrian/Projects/mgu/projekt/dualists/Builds/Dualists_Data/MonoBleedingEdge/libMetaXRAudioFMOD.dll
Fallback handler could not load library C:/Adrian/Projects/mgu/projekt/dualists/Builds/Dualists_Data/MonoBleedingEdge/libMetaXRAudioFMOD.dll
Fallback handler could not load library C:/Adrian/Projects/mgu/projekt/dualists/Builds/Dualists_Data/MonoBleedingEdge/libMetaXRAudioFMOD
Fallback handler could not load library C:/Adrian/Projects/mgu/projekt/dualists/Builds/Dualists_Data/MonoBleedingEdge/MetaXRAudioFMOD
Fallback handler could not load library C:/Adrian/Projects/mgu/projekt/dualists/Builds/Dualists_Data/MonoBleedingEdge/MetaXRAudioFMOD.dll
Fallback handler could not load library C:/Adrian/Projects/mgu/projekt/dualists/Builds/Dualists_Data/MonoBleedingEdge/MetaXRAudioFMOD.dll
Fallback handler could not load library C:/Adrian/Projects/mgu/projekt/dualists/Builds/Dualists_Data/MonoBleedingEdge/MetaXRAudioFMOD
Fallback handler could not load library C:/Adrian/Projects/mgu/projekt/dualists/Builds/Dualists_Data/MonoBleedingEdge/libMetaXRAudioFMOD
Fallback handler could not load library C:/Adrian/Projects/mgu/projekt/dualists/Builds/Dualists_Data/MonoBleedingEdge/libMetaXRAudioFMOD.dll
Fallback handler could not load library C:/Adrian/Projects/mgu/projekt/dualists/Builds/Dualists_Data/MonoBleedingEdge/libMetaXRAudioFMOD.dll
Fallback handler could not load library C:/Adrian/Projects/mgu/projekt/dualists/Builds/Dualists_Data/MonoBleedingEdge/libMetaXRAudioFMOD
Meta XR Audio Native Interface initialized with Unity plugin
Setting spatial voice limit: 64
[Singleton] Created singleton instance for BulletManager
[Singleton] Created singleton instance for GameManager
No Meta XR Audio Room found, setting default room
Fallback handler could not load library C:/Adrian/Projects/mgu/projekt/dualists/Builds/Dualists_Data/MonoBleedingEdge/MetaXRAudioWwise
Fallback handler could not load library C:/Adrian/Projects/mgu/projekt/dualists/Builds/Dualists_Data/MonoBleedingEdge/MetaXRAudioWwise.dll
Fallback handler could not load library C:/Adrian/Projects/mgu/projekt/dualists/Builds/Dualists_Data/MonoBleedingEdge/MetaXRAudioWwise.dll
Fallback handler could not load library C:/Adrian/Projects/mgu/projekt/dualists/Builds/Dualists_Data/MonoBleedingEdge/MetaXRAudioWwise
Fallback handler could not load library C:/Adrian/Projects/mgu/projekt/dualists/Builds/Dualists_Data/MonoBleedingEdge/libMetaXRAudioWwise
Fallback handler could not load library C:/Adrian/Projects/mgu/projekt/dualists/Builds/Dualists_Data/MonoBleedingEdge/libMetaXRAudioWwise.dll
Fallback handler could not load library C:/Adrian/Projects/mgu/projekt/dualists/Builds/Dualists_Data/MonoBleedingEdge/libMetaXRAudioWwise.dll
Fallback handler could not load library C:/Adrian/Projects/mgu/projekt/dualists/Builds/Dualists_Data/MonoBleedingEdge/libMetaXRAudioWwise
Fallback handler could not load library C:/Adrian/Projects/mgu/projekt/dualists/Builds/Dualists_Data/MonoBleedingEdge/MetaXRAudioWwise
Fallback handler could not load library C:/Adrian/Projects/mgu/projekt/dualists/Builds/Dualists_Data/MonoBleedingEdge/MetaXRAudioWwise.dll
Fallback handler could not load library C:/Adrian/Projects/mgu/projekt/dualists/Builds/Dualists_Data/MonoBleedingEdge/MetaXRAudioWwise.dll
Fallback handler could not load library C:/Adrian/Projects/mgu/projekt/dualists/Builds/Dualists_Data/MonoBleedingEdge/MetaXRAudioWwise
Fallback handler could not load library C:/Adrian/Projects/mgu/projekt/dualists/Builds/Dualists_Data/MonoBleedingEdge/libMetaXRAudioWwise
Fallback handler could not load library C:/Adrian/Projects/mgu/projekt/dualists/Builds/Dualists_Data/MonoBleedingEdge/libMetaXRAudioWwise.dll
Fallback handler could not load library C:/Adrian/Projects/mgu/projekt/dualists/Builds/Dualists_Data/MonoBleedingEdge/libMetaXRAudioWwise.dll
Fallback handler could not load library C:/Adrian/Projects/mgu/projekt/dualists/Builds/Dualists_Data/MonoBleedingEdge/libMetaXRAudioWwise
Fallback handler could not load library C:/Adrian/Projects/mgu/projekt/dualists/Builds/Dualists_Data/MonoBleedingEdge/MetaXRAudioFMOD
Fallback handler could not load library C:/Adrian/Projects/mgu/projekt/dualists/Builds/Dualists_Data/MonoBleedingEdge/MetaXRAudioFMOD.dll
Fallback handler could not load library C:/Adrian/Projects/mgu/projekt/dualists/Builds/Dualists_Data/MonoBleedingEdge/MetaXRAudioFMOD.dll
Fallback handler could not load library C:/Adrian/Projects/mgu/projekt/dualists/Builds/Dualists_Data/MonoBleedingEdge/MetaXRAudioFMOD
Fallback handler could not load library C:/Adrian/Projects/mgu/projekt/dualists/Builds/Dualists_Data/MonoBleedingEdge/libMetaXRAudioFMOD
Fallback handler could not load library C:/Adrian/Projects/mgu/projekt/dualists/Builds/Dualists_Data/MonoBleedingEdge/libMetaXRAudioFMOD.dll
Fallback handler could not load library C:/Adrian/Projects/mgu/projekt/dualists/Builds/Dualists_Data/MonoBleedingEdge/libMetaXRAudioFMOD.dll
Fallback handler could not load library C:/Adrian/Projects/mgu/projekt/dualists/Builds/Dualists_Data/MonoBleedingEdge/libMetaXRAudioFMOD
Fallback handler could not load library C:/Adrian/Projects/mgu/projekt/dualists/Builds/Dualists_Data/MonoBleedingEdge/MetaXRAudioFMOD
Fallback handler could not load library C:/Adrian/Projects/mgu/projekt/dualists/Builds/Dualists_Data/MonoBleedingEdge/MetaXRAudioFMOD.dll
Fallback handler could not load library C:/Adrian/Projects/mgu/projekt/dualists/Builds/Dualists_Data/MonoBleedingEdge/MetaXRAudioFMOD.dll
Fallback handler could not load library C:/Adrian/Projects/mgu/projekt/dualists/Builds/Dualists_Data/MonoBleedingEdge/MetaXRAudioFMOD
Fallback handler could not load library C:/Adrian/Projects/mgu/projekt/dualists/Builds/Dualists_Data/MonoBleedingEdge/libMetaXRAudioFMOD
Fallback handler could not load library C:/Adrian/Projects/mgu/projekt/dualists/Builds/Dualists_Data/MonoBleedingEdge/libMetaXRAudioFMOD.dll
Fallback handler could not load library C:/Adrian/Projects/mgu/projekt/dualists/Builds/Dualists_Data/MonoBleedingEdge/libMetaXRAudioFMOD.dll
Fallback handler could not load library C:/Adrian/Projects/mgu/projekt/dualists/Builds/Dualists_Data/MonoBleedingEdge/libMetaXRAudioFMOD
Meta XR Audio Native Interface initialized with Unity plugin
[GameManager] Game Started! Game Mode: AIvsAI, Players: AI[EnemyInCowboyPoseTeam1], AI[nemyInCowboyPoseTeam0]
[AI Player Controller] Player: AI[nemyInCowboyPoseTeam0] : Out of ammo!
[AI Player Controller] Player: AI[EnemyInCowboyPoseTeam1] : Out of ammo!
[GameManager] Game Over. Tie (all alive players out of ammo)
[AI Player Controller] Player: AI[EnemyInCowboyPoseTeam1] : Reset called, player is alive and has ammo.
[AI Player Controller] Player: AI[nemyInCowboyPoseTeam0] : Reset called, player is alive and has ammo.
[GameManager] Game Started! Game Mode: AIvsAI, Players: AI[EnemyInCowboyPoseTeam1], AI[nemyInCowboyPoseTeam0]
[AI Player Controller] Player: AI[EnemyInCowboyPoseTeam1] : Hit received!
[GameManager] Game Over. Winner: AI[nemyInCowboyPoseTeam0]
[AI Player Controller] Player: AI[EnemyInCowboyPoseTeam1] : Reset called, player is alive and has ammo.
[AI Player Controller] Player: AI[nemyInCowboyPoseTeam0] : Reset called, player is alive and has ammo.
[GameManager] Game Started! Game Mode: AIvsAI, Players: AI[EnemyInCowboyPoseTeam1], AI[nemyInCowboyPoseTeam0]
[AI Player Controller] Player: AI[nemyInCowboyPoseTeam0] : Out of ammo!
[AI Player Controller] Player: AI[EnemyInCowboyPoseTeam1] : Out of ammo!
[GameManager] Game Over. Tie (all alive players out of ammo)
[AI Player Controller] Player: AI[EnemyInCowboyPoseTeam1] : Reset called, player is alive and has ammo.
[AI Player Controller] Player: AI[nemyInCowboyPoseTeam0] : Reset called, player is alive and has ammo.
[GameManager] Game Started! Game Mode: AIvsAI, Players: AI[EnemyInCowboyPoseTeam1], AI[nemyInCowboyPoseTeam0]
[AI Player Controller] Player: AI[EnemyInCowboyPoseTeam1] : Hit received!
[GameManager] Game Over. Winner: AI[nemyInCowboyPoseTeam0]
[AI Player Controller] Player: AI[EnemyInCowboyPoseTeam1] : Reset called, player is alive and has ammo.
[AI Player Controller] Player: AI[nemyInCowboyPoseTeam0] : Reset called, player is alive and has ammo.
[GameManager] Game Started! Game Mode: AIvsAI, Players: AI[EnemyInCowboyPoseTeam1], AI[nemyInCowboyPoseTeam0]
[AI Player Controller] Player: AI[nemyInCowboyPoseTeam0] : Out of ammo!
[AI Player Controller] Player: AI[EnemyInCowboyPoseTeam1] : Out of ammo!
[GameManager] Game Over. Tie (all alive players out of ammo)
[AI Player Controller] Player: AI[EnemyInCowboyPoseTeam1] : Reset called, player is alive and has ammo.
[AI Player Controller] Player: AI[nemyInCowboyPoseTeam0] : Reset called, player is alive and has ammo.
[GameManager] Game Started! Game Mode: AIvsAI, Players: AI[EnemyInCowboyPoseTeam1], AI[nemyInCowboyPoseTeam0]
[AI Player Controller] Player: AI[EnemyInCowboyPoseTeam1] : Out of ammo!
[AI Player Controller] Player: AI[nemyInCowboyPoseTeam0] : Out of ammo!
[GameManager] Game Over. Tie (all alive players out of ammo)
[AI Player Controller] Player: AI[EnemyInCowboyPoseTeam1] : Reset called, player is alive and has ammo.
[AI Player Controller] Player: AI[nemyInCowboyPoseTeam0] : Reset called, player is alive and has ammo.
[GameManager] Game Started! Game Mode: AIvsAI, Players: AI[EnemyInCowboyPoseTeam1], AI[nemyInCowboyPoseTeam0]
[AI Player Controller] Player: AI[EnemyInCowboyPoseTeam1] : Hit received!
[GameManager] Game Over. Winner: AI[nemyInCowboyPoseTeam0]
[AI Player Controller] Player: AI[EnemyInCowboyPoseTeam1] : Reset called, player is alive and has ammo.
[AI Player Controller] Player: AI[nemyInCowboyPoseTeam0] : Reset called, player is alive and has ammo.
[GameManager] Game Started! Game Mode: AIvsAI, Players: AI[EnemyInCowboyPoseTeam1], AI[nemyInCowboyPoseTeam0]
[AI Player Controller] Player: AI[EnemyInCowboyPoseTeam1] : Out of ammo!
[AI Player Controller] Player: AI[nemyInCowboyPoseTeam0] : Out of ammo!
[GameManager] Game Over. Tie (all alive players out of ammo)
[AI Player Controller] Player: AI[EnemyInCowboyPoseTeam1] : Reset called, player is alive and has ammo.
[AI Player Controller] Player: AI[nemyInCowboyPoseTeam0] : Reset called, player is alive and has ammo.
[GameManager] Game Started! Game Mode: AIvsAI, Players: AI[EnemyInCowboyPoseTeam1], AI[nemyInCowboyPoseTeam0]
[AI Player Controller] Player: AI[nemyInCowboyPoseTeam0] : Hit received!
[GameManager] Game Over. Winner: AI[EnemyInCowboyPoseTeam1]
[AI Player Controller] Player: AI[EnemyInCowboyPoseTeam1] : Reset called, player is alive and has ammo.
[AI Player Controller] Player: AI[nemyInCowboyPoseTeam0] : Reset called, player is alive and has ammo.
[GameManager] Game Started! Game Mode: AIvsAI, Players: AI[EnemyInCowboyPoseTeam1], AI[nemyInCowboyPoseTeam0]
[AI Player Controller] Player: AI[EnemyInCowboyPoseTeam1] : Out of ammo!
[AI Player Controller] Player: AI[nemyInCowboyPoseTeam0] : Out of ammo!
[GameManager] Game Over. Tie (all alive players out of ammo)
[AI Player Controller] Player: AI[EnemyInCowboyPoseTeam1] : Reset called, player is alive and has ammo.
[AI Player Controller] Player: AI[nemyInCowboyPoseTeam0] : Reset called, player is alive and has ammo.
[GameManager] Game Started! Game Mode: AIvsAI, Players: AI[EnemyInCowboyPoseTeam1], AI[nemyInCowboyPoseTeam0]
[AI Player Controller] Player: AI[nemyInCowboyPoseTeam0] : Out of ammo!
[AI Player Controller] Player: AI[EnemyInCowboyPoseTeam1] : Out of ammo!
[GameManager] Game Over. Tie (all alive players out of ammo)
[AI Player Controller] Player: AI[EnemyInCowboyPoseTeam1] : Reset called, player is alive and has ammo.
[AI Player Controller] Player: AI[nemyInCowboyPoseTeam0] : Reset called, player is alive and has ammo.
[GameManager] Game Started! Game Mode: AIvsAI, Players: AI[EnemyInCowboyPoseTeam1], AI[nemyInCowboyPoseTeam0]
[AI Player Controller] Player: AI[nemyInCowboyPoseTeam0] : Out of ammo!
[AI Player Controller] Player: AI[EnemyInCowboyPoseTeam1] : Out of ammo!
[GameManager] Game Over. Tie (all alive players out of ammo)
[AI Player Controller] Player: AI[EnemyInCowboyPoseTeam1] : Reset called, player is alive and has ammo.
[AI Player Controller] Player: AI[nemyInCowboyPoseTeam0] : Reset called, player is alive and has ammo.
[GameManager] Game Started! Game Mode: AIvsAI, Players: AI[EnemyInCowboyPoseTeam1], AI[nemyInCowboyPoseTeam0]
[AI Player Controller] Player: AI[EnemyInCowboyPoseTeam1] : Hit received!
[GameManager] Game Over. Winner: AI[nemyInCowboyPoseTeam0]
[AI Player Controller] Player: AI[EnemyInCowboyPoseTeam1] : Reset called, player is alive and has ammo.
[AI Player Controller] Player: AI[nemyInCowboyPoseTeam0] : Reset called, player is alive and has ammo.
[GameManager] Game Started! Game Mode: AIvsAI, Players: AI[EnemyInCowboyPoseTeam1], AI[nemyInCowboyPoseTeam0]
[AI Player Controller] Player: AI[EnemyInCowboyPoseTeam1] : Out of ammo!
[AI Player Controller] Player: AI[nemyInCowboyPoseTeam0] : Out of ammo!
[GameManager] Game Over. Tie (all alive players out of ammo)
[AI Player Controller] Player: AI[EnemyInCowboyPoseTeam1] : Reset called, player is alive and has ammo.
[AI Player Controller] Player: AI[nemyInCowboyPoseTeam0] : Reset called, player is alive and has ammo.
[GameManager] Game Started! Game Mode: AIvsAI, Players: AI[EnemyInCowboyPoseTeam1], AI[nemyInCowboyPoseTeam0]
Unable to save timers to file C:/Adrian/Projects/mgu/projekt/dualists/Builds/Dualists_Data\ML-Agents\Timers\Game_timers.json
Memory Statistics:
[ALLOC_TEMP_TLS] TLS Allocator
  StackAllocators : 
    [ALLOC_TEMP_MAIN]
      Peak usage frame count: [2.0 KB-4.0 KB]: 7023 frames, [4.0 KB-8.0 KB]: 1 frames, [8.0 KB-16.0 KB]: 795 frames, [2.0 MB-4.0 MB]: 1 frames
      Initial Block Size 4.0 MB
      Current Block Size 4.0 MB
      Peak Allocated Bytes 2.3 MB
      Overflow Count 0
    [ALLOC_TEMP_Loading.AsyncRead]
      Initial Block Size 64.0 KB
      Current Block Size 64.0 KB
      Peak Allocated Bytes 261 B
      Overflow Count 0
    [ALLOC_TEMP_Loading.PreloadManager]
      Initial Block Size 256.0 KB
      Current Block Size 404.0 KB
      Peak Allocated Bytes 322.0 KB
      Overflow Count 5
    [ALLOC_TEMP_Background Job.Worker 8]
      Initial Block Size 32.0 KB
      Current Block Size 32.0 KB
      Peak Allocated Bytes 54 B
      Overflow Count 0
    [ALLOC_TEMP_Job.Worker 6]
      Initial Block Size 256.0 KB
      Current Block Size 256.0 KB
      Peak Allocated Bytes 0 B
      Overflow Count 0
    [ALLOC_TEMP_Job.Worker 0]
      Initial Block Size 256.0 KB
      Current Block Size 256.0 KB
      Peak Allocated Bytes 0 B
      Overflow Count 0
    [ALLOC_TEMP_Background Job.Worker 10]
      Initial Block Size 32.0 KB
      Current Block Size 32.0 KB
      Peak Allocated Bytes 54 B
      Overflow Count 0
    [ALLOC_TEMP_Background Job.Worker 9]
      Initial Block Size 32.0 KB
      Current Block Size 32.0 KB
      Peak Allocated Bytes 54 B
      Overflow Count 0
    [ALLOC_TEMP_Job.Worker 5]
      Initial Block Size 256.0 KB
      Current Block Size 256.0 KB
      Peak Allocated Bytes 0 B
      Overflow Count 0
    [ALLOC_TEMP_Background Job.Worker 14]
      Initial Block Size 32.0 KB
      Current Block Size 32.0 KB
      Peak Allocated Bytes 54 B
      Overflow Count 0
    [ALLOC_TEMP_Background Job.Worker 6]
      Initial Block Size 32.0 KB
      Current Block Size 32.0 KB
      Peak Allocated Bytes 54 B
      Overflow Count 0
    [ALLOC_TEMP_Job.Worker 4]
      Initial Block Size 256.0 KB
      Current Block Size 256.0 KB
      Peak Allocated Bytes 0 B
      Overflow Count 0
    [ALLOC_TEMP_Job.Worker 3]
      Initial Block Size 256.0 KB
      Current Block Size 256.0 KB
      Peak Allocated Bytes 0 B
      Overflow Count 0
    [ALLOC_TEMP_Background Job.Worker 12]
      Initial Block Size 32.0 KB
      Current Block Size 32.0 KB
      Peak Allocated Bytes 54 B
      Overflow Count 0
    [ALLOC_TEMP_EnlightenWorker] x 12
      Initial Block Size 64.0 KB
      Current Block Size 64.0 KB
      Peak Allocated Bytes 54 B
      Overflow Count 0
    [ALLOC_TEMP_Background Job.Worker 15]
      Initial Block Size 32.0 KB
      Current Block Size 32.0 KB
      Peak Allocated Bytes 54 B
      Overflow Count 0
    [ALLOC_TEMP_Background Job.Worker 1]
      Initial Block Size 32.0 KB
      Current Block Size 32.0 KB
      Peak Allocated Bytes 54 B
      Overflow Count 0
    [ALLOC_TEMP_Background Job.Worker 2]
      Initial Block Size 32.0 KB
      Current Block Size 32.0 KB
      Peak Allocated Bytes 54 B
      Overflow Count 0
    [ALLOC_TEMP_Background Job.Worker 7]
      Initial Block Size 32.0 KB
      Current Block Size 32.0 KB
      Peak Allocated Bytes 54 B
      Overflow Count 0
    [ALLOC_TEMP_AssetGarbageCollectorHelper] x 11
      Initial Block Size 64.0 KB
      Current Block Size 64.0 KB
      Peak Allocated Bytes 138 B
      Overflow Count 0
    [ALLOC_TEMP_Background Job.Worker 5]
      Initial Block Size 32.0 KB
      Current Block Size 32.0 KB
      Peak Allocated Bytes 54 B
      Overflow Count 0
    [ALLOC_TEMP_Job.Worker 9]
      Initial Block Size 256.0 KB
      Current Block Size 256.0 KB
      Peak Allocated Bytes 0 B
      Overflow Count 0
    [ALLOC_TEMP_Background Job.Worker 13]
      Initial Block Size 32.0 KB
      Current Block Size 32.0 KB
      Peak Allocated Bytes 54 B
      Overflow Count 0
    [ALLOC_TEMP_Job.Worker 8]
      Initial Block Size 256.0 KB
      Current Block Size 256.0 KB
      Peak Allocated Bytes 0 B
      Overflow Count 0
    [ALLOC_TEMP_Job.Worker 7]
      Initial Block Size 256.0 KB
      Current Block Size 256.0 KB
      Peak Allocated Bytes 0 B
      Overflow Count 0
    [ALLOC_TEMP_Job.Worker 1]
      Initial Block Size 256.0 KB
      Current Block Size 256.0 KB
      Peak Allocated Bytes 384 B
      Overflow Count 0
    [ALLOC_TEMP_Job.Worker 2]
      Initial Block Size 256.0 KB
      Current Block Size 256.0 KB
      Peak Allocated Bytes 24.7 KB
      Overflow Count 0
    [ALLOC_TEMP_Background Job.Worker 3]
      Initial Block Size 32.0 KB
      Current Block Size 32.0 KB
      Peak Allocated Bytes 54 B
      Overflow Count 0
    [ALLOC_TEMP_Background Job.Worker 11]
      Initial Block Size 32.0 KB
      Current Block Size 32.0 KB
      Peak Allocated Bytes 54 B
      Overflow Count 0
    [ALLOC_TEMP_Job.Worker 10]
      Initial Block Size 256.0 KB
      Current Block Size 256.0 KB
      Peak Allocated Bytes 54 B
      Overflow Count 0
    [ALLOC_TEMP_Background Job.Worker 0]
      Initial Block Size 32.0 KB
      Current Block Size 32.0 KB
      Peak Allocated Bytes 54 B
      Overflow Count 0
    [ALLOC_TEMP_Background Job.Worker 4]
      Initial Block Size 32.0 KB
      Current Block Size 32.0 KB
      Peak Allocated Bytes 54 B
      Overflow Count 0
    [ALLOC_TEMP_BatchDeleteObjects]
      Initial Block Size 64.0 KB
      Current Block Size 64.0 KB
      Peak Allocated Bytes 54 B
      Overflow Count 0
[ALLOC_DEFAULT] Dual Thread Allocator
  Peak main deferred allocation count 264
    [ALLOC_BUCKET]
      Large Block size 4.0 MB
      Used Block count 1
      Peak Allocated bytes 2.1 MB
    [ALLOC_DEFAULT_MAIN]
      Peak usage frame count: [8.0 MB-16.0 MB]: 7668 frames, [16.0 MB-32.0 MB]: 152 frames
      Requested Block Size 16.0 MB
      Peak Block count 2
      Peak Allocated memory 16.2 MB
      Peak Large allocation bytes 0 B
    [ALLOC_DEFAULT_THREAD]
      Peak usage frame count: [16.0 MB-32.0 MB]: 7820 frames
      Requested Block Size 16.0 MB
      Peak Block count 1
      Peak Allocated memory 24.5 MB
      Peak Large allocation bytes 16.0 MB
[ALLOC_TEMP_JOB_1_FRAME]
  Initial Block Size 2.0 MB
  Used Block Count 0
  Overflow Count (too large) 0
  Overflow Count (full) 0
[ALLOC_TEMP_JOB_2_FRAMES]
  Initial Block Size 2.0 MB
  Used Block Count 0
  Overflow Count (too large) 0
  Overflow Count (full) 0
[ALLOC_TEMP_JOB_4_FRAMES (JobTemp)]
  Initial Block Size 2.0 MB
  Used Block Count 1
  Overflow Count (too large) 0
  Overflow Count (full) 0
[ALLOC_TEMP_JOB_ASYNC (Background)]
  Initial Block Size 1.0 MB
  Used Block Count 1
  Overflow Count (too large) 0
  Overflow Count (full) 0
[ALLOC_GFX] Dual Thread Allocator
  Peak main deferred allocation count 0
    [ALLOC_BUCKET]
      Large Block size 4.0 MB
      Used Block count 1
      Peak Allocated bytes 2.1 MB
    [ALLOC_GFX_MAIN]
      Peak usage frame count: [32.0 KB-64.0 KB]: 7819 frames, [64.0 KB-128.0 KB]: 1 frames
      Requested Block Size 16.0 MB
      Peak Block count 1
      Peak Allocated memory 66.0 KB
      Peak Large allocation bytes 0 B
    [ALLOC_GFX_THREAD]
      Peak usage frame count: [2.0 MB-4.0 MB]: 7820 frames
      Requested Block Size 16.0 MB
      Peak Block count 1
      Peak Allocated memory 3.7 MB
      Peak Large allocation bytes 0 B
[ALLOC_CACHEOBJECTS] Dual Thread Allocator
  Peak main deferred allocation count 2
    [ALLOC_BUCKET]
      Large Block size 4.0 MB
      Used Block count 1
      Peak Allocated bytes 2.1 MB
    [ALLOC_CACHEOBJECTS_MAIN]
      Peak usage frame count: [2.0 MB-4.0 MB]: 7819 frames, [16.0 MB-32.0 MB]: 1 frames
      Requested Block Size 4.0 MB
      Peak Block count 2
      Peak Allocated memory 17.7 MB
      Peak Large allocation bytes 12.0 MB
    [ALLOC_CACHEOBJECTS_THREAD]
      Peak usage frame count: [2.0 MB-4.0 MB]: 7819 frames, [16.0 MB-32.0 MB]: 1 frames
      Requested Block Size 4.0 MB
      Peak Block count 2
      Peak Allocated memory 18.8 MB
      Peak Large allocation bytes 12.7 MB
[ALLOC_TYPETREE] Dual Thread Allocator
  Peak main deferred allocation count 0
    [ALLOC_BUCKET]
      Large Block size 4.0 MB
      Used Block count 1
      Peak Allocated bytes 2.1 MB
    [ALLOC_TYPETREE_MAIN]
      Peak usage frame count: [8.0 KB-16.0 KB]: 7820 frames
      Requested Block Size 2.0 MB
      Peak Block count 1
      Peak Allocated memory 13.7 KB
      Peak Large allocation bytes 0 B
    [ALLOC_TYPETREE_THREAD]
      Peak usage frame count: [4.0 KB-8.0 KB]: 7819 frames, [8.0 KB-16.0 KB]: 1 frames
      Requested Block Size 2.0 MB
      Peak Block count 1
      Peak Allocated memory 8.4 KB
      Peak Large allocation bytes 0 B
